{"total": {"lines":{"total":154,"covered":134,"skipped":0,"pct":87.01},"statements":{"total":171,"covered":146,"skipped":0,"pct":85.38},"functions":{"total":49,"covered":42,"skipped":0,"pct":85.71},"branches":{"total":77,"covered":58,"skipped":0,"pct":75.32},"branchesTrue":{"total":0,"covered":0,"skipped":0,"pct":100}}
,"/Users/harshit/Documents/todo_bmad/frontend/src/components/BoardColumn.tsx": {"lines":{"total":25,"covered":20,"skipped":0,"pct":80},"functions":{"total":7,"covered":5,"skipped":0,"pct":71.42},"statements":{"total":28,"covered":21,"skipped":0,"pct":75},"branches":{"total":21,"covered":13,"skipped":0,"pct":61.9}}
,"/Users/harshit/Documents/todo_bmad/frontend/src/components/TaskCard.tsx": {"lines":{"total":33,"covered":30,"skipped":0,"pct":90.9},"functions":{"total":14,"covered":11,"skipped":0,"pct":78.57},"statements":{"total":36,"covered":32,"skipped":0,"pct":88.88},"branches":{"total":14,"covered":13,"skipped":0,"pct":92.85}}
,"/Users/harshit/Documents/todo_bmad/frontend/src/context/authContext.tsx": {"lines":{"total":17,"covered":17,"skipped":0,"pct":100},"functions":{"total":5,"covered":5,"skipped":0,"pct":100},"statements":{"total":17,"covered":17,"skipped":0,"pct":100},"branches":{"total":2,"covered":2,"skipped":0,"pct":100}}
,"/Users/harshit/Documents/todo_bmad/frontend/src/pages/BoardPage.tsx": {"lines":{"total":56,"covered":46,"skipped":0,"pct":82.14},"functions":{"total":18,"covered":17,"skipped":0,"pct":94.44},"statements":{"total":66,"covered":55,"skipped":0,"pct":83.33},"branches":{"total":20,"covered":18,"skipped":0,"pct":90}}
,"/Users/harshit/Documents/todo_bmad/frontend/src/pages/LoginPage.tsx": {"lines":{"total":23,"covered":21,"skipped":0,"pct":91.3},"functions":{"total":5,"covered":4,"skipped":0,"pct":80},"statements":{"total":24,"covered":21,"skipped":0,"pct":87.5},"branches":{"total":20,"covered":12,"skipped":0,"pct":60}}
}
